<?xml version="1.0" encoding="UTF-8" standalone="no"?>
<testsuite failures="0" tests="4" skipped="4" time="0" name="cucumber.runtime.formatter.JUnitFormatter">
    <testcase classname="cucumber/runtime/formatter/JUnitFormatterTest_3.feature" name="Scenario_1" time="0">
        <skipped><![CDATA[bg_1........................................................................undefined
bg_2........................................................................undefined
bg_3........................................................................undefined
step_1......................................................................undefined
step_2......................................................................undefined
step_3......................................................................undefined
]]></skipped>
    </testcase>
    <testcase classname="cucumber/runtime/formatter/JUnitFormatterTest_3.feature" name="ScenarioOutline_1" time="0">
        <skipped><![CDATA[bg_1........................................................................undefined
bg_2........................................................................undefined
bg_3........................................................................undefined
so_1 12.....................................................................undefined
so_2 7 cucumbers............................................................undefined
5 so_3......................................................................undefined
]]></skipped>
    </testcase>
    <testcase classname="cucumber/runtime/formatter/JUnitFormatterTest_3.feature" name="ScenarioOutline_1_2" time="0">
        <skipped><![CDATA[bg_1........................................................................undefined
bg_2........................................................................undefined
bg_3........................................................................undefined
so_1 20.....................................................................undefined
so_2 15 cucumbers...........................................................undefined
5 so_3......................................................................undefined
]]></skipped>
    </testcase>
    <testcase classname="cucumber/runtime/formatter/JUnitFormatterTest_3.feature" name="Scenario_2" time="0">
        <skipped><![CDATA[bg_1........................................................................undefined
bg_2........................................................................undefined
bg_3........................................................................undefined
a...........................................................................undefined
b...........................................................................undefined
c...........................................................................undefined
]]></skipped>
    </testcase>
</testsuite>
